Command line:
   T_p5_isim_beh.exe
     -simmode  gui
     -simrunnum  0
     -socket  52003

Thu Dec 09 14:57:58 2021


 Elaboration Time: 0.03125 sec

 Current Memory Usage: 5150.94 Meg

 Total Signals          : 17
 Total Nets             : 12
 Total Signal Drivers   : 9
 Total Blocks           : 5
 Total Primitive Blocks : 4
 Total Processes        : 6
 Total Traceable Variables  : 11
 Total Scalar Nets and Variables : 391
Total Line Count : 36

 Total Simulation Time: 0.03125 sec

 Current Memory Usage: 4993.65 Meg

Thu Dec 09 14:59:58 2021

